scp /home/daisy/full.tar.gz root@172.19.2.75:/home/root
------
a='Beautiful, is; better*than\nugly'
re.split('; |, |\*|\n',a)
['Beautiful', 'is', 'better', 'than', 'ugly']
-----
/etc/rc.local
-----
/etc/rc.local
 rm /root/.pycharm40 -rf
-----
sudo chown -R xinshi:xinshi my-script/
-----
ln -s /usr/src/my-script/python_script/keju.py ke
-----
echo 1500 > /sys/class/backlight/intel_backlight/brightness
-----
ubuntu: workspace Ctrl + Alt +上/下方向键
-----
Ubuntu中打开终端的快捷键是Ctrl+Alt+T
-----
ubuntu: ctrl pgup/pgdn
-----
/etc/crontab
-----
delete from bargain_ticket_sn where activity_id=202;
-----
sudo apt-get install -y ntpdate ntp 
-----
ubuntu: ntpdate stdtime.sinica.edu.tw 
-----
ntpdate cn.pool.ntp.org
-----
ubuntu: rm /etc/localtime** ln -s /usr/share/zoneinfo/Asia/Shanghai /etc/localtime
-----
Git让gitignore生效**git rm -r --cached .**git add .**
-----
超级科学伙伴
-----
unrar x
-----
linux: ll -rt 时间排序
-----
html to image: http://www.cszhi.com/20130305/cutycapt.html
-----
mysql: delete from 表名;
-----
